This file contains any messages produced by compilers while
running configure, to aid debugging if configure makes a mistake.

It was created by HTSlib configure 1.10.2, which was
generated by GNU Autoconf 2.68.  Invocation command line was

  $ ./configure --prefix=/media/psf/Home/Documents/GitHub/haptools/htslib-1.10.2

## --------- ##
## Platform. ##
## --------- ##

hostname = localhost.localdomain
uname -m = x86_64
uname -r = 3.10.0-1062.9.1.el7.x86_64
uname -s = Linux
uname -v = #1 SMP Fri Dec 6 15:49:49 UTC 2019

/usr/bin/uname -p = x86_64
/bin/uname -X     = unknown

/bin/arch              = x86_64
/usr/bin/arch -k       = unknown
/usr/convex/getsysinfo = unknown
/usr/bin/hostinfo      = unknown
/bin/machine           = unknown
/usr/bin/oslevel       = unknown
/bin/universe          = unknown

PATH: /opt/rh/devtoolset-7/root/usr/bin
PATH: /usr/local/bin
PATH: /usr/local/sbin
PATH: /usr/bin
PATH: /usr/sbin
PATH: /bin
PATH: /sbin
PATH: /home/parallels/.local/bin
PATH: /home/parallels/bin


## ----------- ##
## Core tests. ##
## ----------- ##

configure:2177: checking for gcc
configure:2193: found /opt/rh/devtoolset-7/root/usr/bin/gcc
configure:2204: result: gcc
configure:2433: checking for C compiler version
configure:2442: gcc --version >&5
gcc (GCC) 7.3.1 20180303 (Red Hat 7.3.1-5)
Copyright (C) 2017 Free Software Foundation, Inc.
This is free software; see the source for copying conditions.  There is NO
warranty; not even for MERCHANTABILITY or FITNESS FOR A PARTICULAR PURPOSE.

configure:2453: $? = 0
configure:2442: gcc -v >&5
Using built-in specs.
COLLECT_GCC=gcc
COLLECT_LTO_WRAPPER=/opt/rh/devtoolset-7/root/usr/libexec/gcc/x86_64-redhat-linux/7/lto-wrapper
Target: x86_64-redhat-linux
Configured with: ../configure --enable-bootstrap --enable-languages=c,c++,fortran,lto --prefix=/opt/rh/devtoolset-7/root/usr --mandir=/opt/rh/devtoolset-7/root/usr/share/man --infodir=/opt/rh/devtoolset-7/root/usr/share/info --with-bugurl=http://bugzilla.redhat.com/bugzilla --enable-shared --enable-threads=posix --enable-checking=release --enable-multilib --with-system-zlib --enable-__cxa_atexit --disable-libunwind-exceptions --enable-gnu-unique-object --enable-linker-build-id --with-gcc-major-version-only --enable-plugin --with-linker-hash-style=gnu --enable-initfini-array --with-default-libstdcxx-abi=gcc4-compatible --with-isl=/builddir/build/BUILD/gcc-7.3.1-20180303/obj-x86_64-redhat-linux/isl-install --enable-libmpx --enable-gnu-indirect-function --with-tune=generic --with-arch_32=i686 --build=x86_64-redhat-linux
Thread model: posix
gcc version 7.3.1 20180303 (Red Hat 7.3.1-5) (GCC) 
configure:2453: $? = 0
configure:2442: gcc -V >&5
gcc: error: unrecognized command line option '-V'
gcc: fatal error: no input files
compilation terminated.
configure:2453: $? = 1
configure:2442: gcc -qversion >&5
gcc: error: unrecognized command line option '-qversion'; did you mean '--version'?
gcc: fatal error: no input files
compilation terminated.
configure:2453: $? = 1
configure:2473: checking whether the C compiler works
configure:2495: gcc    conftest.c  >&5
configure:2499: $? = 0
configure:2547: result: yes
configure:2550: checking for C compiler default output file name
configure:2552: result: a.out
configure:2558: checking for suffix of executables
configure:2565: gcc -o conftest    conftest.c  >&5
configure:2569: $? = 0
configure:2591: result: 
configure:2613: checking whether we are cross compiling
configure:2621: gcc -o conftest    conftest.c  >&5
configure:2625: $? = 0
configure:2632: ./conftest
configure:2636: $? = 0
configure:2651: result: no
configure:2656: checking for suffix of object files
configure:2678: gcc -c   conftest.c >&5
configure:2682: $? = 0
configure:2703: result: o
configure:2707: checking whether we are using the GNU C compiler
configure:2726: gcc -c   conftest.c >&5
configure:2726: $? = 0
configure:2735: result: yes
configure:2744: checking whether gcc accepts -g
configure:2764: gcc -c -g  conftest.c >&5
configure:2764: $? = 0
configure:2805: result: yes
configure:2822: checking for gcc option to accept ISO C89
configure:2886: gcc  -c -g -O2  conftest.c >&5
configure:2886: $? = 0
configure:2899: result: none needed
configure:2962: checking for ranlib
configure:2978: found /opt/rh/devtoolset-7/root/usr/bin/ranlib
configure:2989: result: ranlib
configure:3012: checking for grep that handles long lines and -e
configure:3070: result: /usr/bin/grep
configure:3095: checking for C compiler warning flags
configure:3208: result: -Wall
configure:3349: checking for pkg-config
configure:3367: found /usr/bin/pkg-config
configure:3379: result: /usr/bin/pkg-config
configure:3404: checking pkg-config is at least version 0.9.0
configure:3407: result: yes
configure:3446: checking for special C compiler options needed for large files
configure:3491: result: no
configure:3497: checking for _FILE_OFFSET_BITS value needed for large files
configure:3522: gcc -c  -Wall -g -O2  conftest.c >&5
configure:3522: $? = 0
configure:3554: result: no
configure:3718: checking shared library type for unknown-Linux
configure:3746: result: plain .so
configure:3757: checking whether the compiler accepts -fvisibility=hidden
configure:3777: gcc -o conftest  -Wall -g -O2 -fvisibility=hidden   -fvisibility=hidden conftest.c  >&5
configure:3777: $? = 0
configure:3791: result: yes
configure:3847: checking how to run the C preprocessor
configure:3878: gcc -E  conftest.c
configure:3878: $? = 0
configure:3892: gcc -E  conftest.c
conftest.c:9:10: fatal error: ac_nonexistent.h: No such file or directory
 #include <ac_nonexistent.h>
          ^~~~~~~~~~~~~~~~~~
compilation terminated.
configure:3892: $? = 1
configure: failed program was:
| /* confdefs.h */
| #define PACKAGE_NAME "HTSlib"
| #define PACKAGE_TARNAME "htslib"
| #define PACKAGE_VERSION "1.10.2"
| #define PACKAGE_STRING "HTSlib 1.10.2"
| #define PACKAGE_BUGREPORT "samtools-help@lists.sourceforge.net"
| #define PACKAGE_URL "http://www.htslib.org/"
| /* end confdefs.h.  */
| #include <ac_nonexistent.h>
configure:3917: result: gcc -E
configure:3937: gcc -E  conftest.c
configure:3937: $? = 0
configure:3951: gcc -E  conftest.c
conftest.c:9:10: fatal error: ac_nonexistent.h: No such file or directory
 #include <ac_nonexistent.h>
          ^~~~~~~~~~~~~~~~~~
compilation terminated.
configure:3951: $? = 1
configure: failed program was:
| /* confdefs.h */
| #define PACKAGE_NAME "HTSlib"
| #define PACKAGE_TARNAME "htslib"
| #define PACKAGE_VERSION "1.10.2"
| #define PACKAGE_STRING "HTSlib 1.10.2"
| #define PACKAGE_BUGREPORT "samtools-help@lists.sourceforge.net"
| #define PACKAGE_URL "http://www.htslib.org/"
| /* end confdefs.h.  */
| #include <ac_nonexistent.h>
configure:3980: checking for egrep
configure:4042: result: /usr/bin/grep -E
configure:4047: checking for ANSI C header files
configure:4067: gcc -c  -Wall -g -O2 -fvisibility=hidden  conftest.c >&5
configure:4067: $? = 0
configure:4140: gcc -o conftest  -Wall -g -O2 -fvisibility=hidden   -fvisibility=hidden conftest.c  >&5
configure:4140: $? = 0
configure:4140: ./conftest
configure:4140: $? = 0
configure:4151: result: yes
configure:4164: checking for sys/types.h
configure:4164: gcc -c  -Wall -g -O2 -fvisibility=hidden  conftest.c >&5
configure:4164: $? = 0
configure:4164: result: yes
configure:4164: checking for sys/stat.h
configure:4164: gcc -c  -Wall -g -O2 -fvisibility=hidden  conftest.c >&5
configure:4164: $? = 0
configure:4164: result: yes
configure:4164: checking for stdlib.h
configure:4164: gcc -c  -Wall -g -O2 -fvisibility=hidden  conftest.c >&5
configure:4164: $? = 0
configure:4164: result: yes
configure:4164: checking for string.h
configure:4164: gcc -c  -Wall -g -O2 -fvisibility=hidden  conftest.c >&5
configure:4164: $? = 0
configure:4164: result: yes
configure:4164: checking for memory.h
configure:4164: gcc -c  -Wall -g -O2 -fvisibility=hidden  conftest.c >&5
configure:4164: $? = 0
configure:4164: result: yes
configure:4164: checking for strings.h
configure:4164: gcc -c  -Wall -g -O2 -fvisibility=hidden  conftest.c >&5
configure:4164: $? = 0
configure:4164: result: yes
configure:4164: checking for inttypes.h
configure:4164: gcc -c  -Wall -g -O2 -fvisibility=hidden  conftest.c >&5
configure:4164: $? = 0
configure:4164: result: yes
configure:4164: checking for stdint.h
configure:4164: gcc -c  -Wall -g -O2 -fvisibility=hidden  conftest.c >&5
configure:4164: $? = 0
configure:4164: result: yes
configure:4164: checking for unistd.h
configure:4164: gcc -c  -Wall -g -O2 -fvisibility=hidden  conftest.c >&5
configure:4164: $? = 0
configure:4164: result: yes
configure:4182: checking for stdlib.h
configure:4182: result: yes
configure:4182: checking for unistd.h
configure:4182: result: yes
configure:4182: checking for sys/param.h
configure:4182: gcc -c  -Wall -g -O2 -fvisibility=hidden  conftest.c >&5
configure:4182: $? = 0
configure:4182: result: yes
configure:4202: checking for getpagesize
configure:4202: gcc -o conftest  -Wall -g -O2 -fvisibility=hidden   -fvisibility=hidden conftest.c  >&5
configure:4202: $? = 0
configure:4202: result: yes
configure:4211: checking for working mmap
configure:4358: gcc -o conftest  -Wall -g -O2 -fvisibility=hidden   -fvisibility=hidden conftest.c  >&5
configure:4358: $? = 0
configure:4358: ./conftest
configure:4358: $? = 0
configure:4368: result: yes
configure:4380: checking for gmtime_r
configure:4380: gcc -o conftest  -Wall -g -O2 -fvisibility=hidden   -fvisibility=hidden conftest.c  >&5
configure:4380: $? = 0
configure:4380: result: yes
configure:4380: checking for fsync
configure:4380: gcc -o conftest  -Wall -g -O2 -fvisibility=hidden   -fvisibility=hidden conftest.c  >&5
configure:4380: $? = 0
configure:4380: result: yes
configure:4380: checking for drand48
configure:4380: gcc -o conftest  -Wall -g -O2 -fvisibility=hidden   -fvisibility=hidden conftest.c  >&5
configure:4380: $? = 0
configure:4380: result: yes
configure:4392: checking whether fdatasync is declared
configure:4392: gcc -c  -Wall -g -O2 -fvisibility=hidden  conftest.c >&5
configure:4392: $? = 0
configure:4392: result: yes
configure:4396: checking for fdatasync
configure:4396: gcc -o conftest  -Wall -g -O2 -fvisibility=hidden   -fvisibility=hidden conftest.c  >&5
configure:4396: $? = 0
configure:4396: result: yes
configure:4531: checking for library containing log
configure:4562: gcc -o conftest  -Wall -g -O2 -fvisibility=hidden   -fvisibility=hidden conftest.c  >&5
conftest.c:35:6: warning: conflicting types for built-in function 'log' [-Wbuiltin-declaration-mismatch]
 char log ();
      ^~~
/tmp/ccPMZVcO.o: In function `main':
/media/psf/Home/Documents/GitHub/haptools/htslib-1.10.2/conftest.c:39: undefined reference to `log'
collect2: error: ld returned 1 exit status
configure:4562: $? = 1
configure: failed program was:
| /* confdefs.h */
| #define PACKAGE_NAME "HTSlib"
| #define PACKAGE_TARNAME "htslib"
| #define PACKAGE_VERSION "1.10.2"
| #define PACKAGE_STRING "HTSlib 1.10.2"
| #define PACKAGE_BUGREPORT "samtools-help@lists.sourceforge.net"
| #define PACKAGE_URL "http://www.htslib.org/"
| #define STDC_HEADERS 1
| #define HAVE_SYS_TYPES_H 1
| #define HAVE_SYS_STAT_H 1
| #define HAVE_STDLIB_H 1
| #define HAVE_STRING_H 1
| #define HAVE_MEMORY_H 1
| #define HAVE_STRINGS_H 1
| #define HAVE_INTTYPES_H 1
| #define HAVE_STDINT_H 1
| #define HAVE_UNISTD_H 1
| #define HAVE_STDLIB_H 1
| #define HAVE_UNISTD_H 1
| #define HAVE_SYS_PARAM_H 1
| #define HAVE_GETPAGESIZE 1
| #define HAVE_MMAP 1
| #define HAVE_GMTIME_R 1
| #define HAVE_FSYNC 1
| #define HAVE_DRAND48 1
| #define HAVE_FDATASYNC 1
| /* end confdefs.h.  */
| 
| /* Override any GCC internal prototype to avoid an error.
|    Use char because int might match the return type of a GCC
|    builtin and then its argument prototype would still apply.  */
| #ifdef __cplusplus
| extern "C"
| #endif
| char log ();
| int
| main ()
| {
| return log ();
|   ;
|   return 0;
| }
configure:4562: gcc -o conftest  -Wall -g -O2 -fvisibility=hidden   -fvisibility=hidden conftest.c -lm   >&5
conftest.c:35:6: warning: conflicting types for built-in function 'log' [-Wbuiltin-declaration-mismatch]
 char log ();
      ^~~
configure:4562: $? = 0
configure:4579: result: -lm
configure:4599: checking for zlib.h
configure:4599: gcc -c  -Wall -g -O2 -fvisibility=hidden  conftest.c >&5
configure:4599: $? = 0
configure:4599: result: yes
configure:4608: checking for inflate in -lz
configure:4633: gcc -o conftest  -Wall -g -O2 -fvisibility=hidden   -fvisibility=hidden conftest.c -lz  -lm  >&5
configure:4633: $? = 0
configure:4642: result: yes
configure:4673: checking for library containing recv
configure:4704: gcc -o conftest  -Wall -g -O2 -fvisibility=hidden   -fvisibility=hidden conftest.c -lz -lm  >&5
configure:4704: $? = 0
configure:4721: result: none required
configure:4743: checking for bzlib.h
configure:4743: gcc -c  -Wall -g -O2 -fvisibility=hidden  conftest.c >&5
conftest.c:31:10: fatal error: bzlib.h: No such file or directory
 #include <bzlib.h>
          ^~~~~~~~~
compilation terminated.
configure:4743: $? = 1
configure: failed program was:
| /* confdefs.h */
| #define PACKAGE_NAME "HTSlib"
| #define PACKAGE_TARNAME "htslib"
| #define PACKAGE_VERSION "1.10.2"
| #define PACKAGE_STRING "HTSlib 1.10.2"
| #define PACKAGE_BUGREPORT "samtools-help@lists.sourceforge.net"
| #define PACKAGE_URL "http://www.htslib.org/"
| #define STDC_HEADERS 1
| #define HAVE_SYS_TYPES_H 1
| #define HAVE_SYS_STAT_H 1
| #define HAVE_STDLIB_H 1
| #define HAVE_STRING_H 1
| #define HAVE_MEMORY_H 1
| #define HAVE_STRINGS_H 1
| #define HAVE_INTTYPES_H 1
| #define HAVE_STDINT_H 1
| #define HAVE_UNISTD_H 1
| #define HAVE_STDLIB_H 1
| #define HAVE_UNISTD_H 1
| #define HAVE_SYS_PARAM_H 1
| #define HAVE_GETPAGESIZE 1
| #define HAVE_MMAP 1
| #define HAVE_GMTIME_R 1
| #define HAVE_FSYNC 1
| #define HAVE_DRAND48 1
| #define HAVE_FDATASYNC 1
| #define HAVE_LIBZ 1
| /* end confdefs.h.  */
| ;
| 
| #include <bzlib.h>
configure:4743: result: no
configure:4752: checking for BZ2_bzBuffToBuffCompress in -lbz2
configure:4777: gcc -o conftest  -Wall -g -O2 -fvisibility=hidden   -fvisibility=hidden conftest.c -lbz2  -lz -lm  >&5
/opt/rh/devtoolset-7/root/usr/libexec/gcc/x86_64-redhat-linux/7/ld: cannot find -lbz2
collect2: error: ld returned 1 exit status
configure:4777: $? = 1
configure: failed program was:
| /* confdefs.h */
| #define PACKAGE_NAME "HTSlib"
| #define PACKAGE_TARNAME "htslib"
| #define PACKAGE_VERSION "1.10.2"
| #define PACKAGE_STRING "HTSlib 1.10.2"
| #define PACKAGE_BUGREPORT "samtools-help@lists.sourceforge.net"
| #define PACKAGE_URL "http://www.htslib.org/"
| #define STDC_HEADERS 1
| #define HAVE_SYS_TYPES_H 1
| #define HAVE_SYS_STAT_H 1
| #define HAVE_STDLIB_H 1
| #define HAVE_STRING_H 1
| #define HAVE_MEMORY_H 1
| #define HAVE_STRINGS_H 1
| #define HAVE_INTTYPES_H 1
| #define HAVE_STDINT_H 1
| #define HAVE_UNISTD_H 1
| #define HAVE_STDLIB_H 1
| #define HAVE_UNISTD_H 1
| #define HAVE_SYS_PARAM_H 1
| #define HAVE_GETPAGESIZE 1
| #define HAVE_MMAP 1
| #define HAVE_GMTIME_R 1
| #define HAVE_FSYNC 1
| #define HAVE_DRAND48 1
| #define HAVE_FDATASYNC 1
| #define HAVE_LIBZ 1
| /* end confdefs.h.  */
| 
| /* Override any GCC internal prototype to avoid an error.
|    Use char because int might match the return type of a GCC
|    builtin and then its argument prototype would still apply.  */
| #ifdef __cplusplus
| extern "C"
| #endif
| char BZ2_bzBuffToBuffCompress ();
| int
| main ()
| {
| return BZ2_bzBuffToBuffCompress ();
|   ;
|   return 0;
| }
configure:4786: result: no
configure:4805: error: libbzip2 development files not found

The CRAM format may use bzip2 compression, which is implemented in HTSlib
by using compression routines from libbzip2 <http://www.bzip.org/>.

Building HTSlib requires libbzip2 development files to be installed on the
build machine; you may need to ensure a package such as libbz2-dev (on Debian
or Ubuntu Linux) or bzip2-devel (on RPM-based Linux distributions or Cygwin)
is installed.

Either configure with --disable-bz2 (which will make some CRAM files
produced elsewhere unreadable) or resolve this error to build HTSlib.

## ---------------- ##
## Cache variables. ##
## ---------------- ##

ac_cv_c_compiler_gnu=yes
ac_cv_env_CC_set=
ac_cv_env_CC_value=
ac_cv_env_CFLAGS_set=
ac_cv_env_CFLAGS_value=
ac_cv_env_CPPFLAGS_set=
ac_cv_env_CPPFLAGS_value=
ac_cv_env_CPP_set=
ac_cv_env_CPP_value=
ac_cv_env_LDFLAGS_set=
ac_cv_env_LDFLAGS_value=
ac_cv_env_LIBS_set=
ac_cv_env_LIBS_value=
ac_cv_env_PKG_CONFIG_LIBDIR_set=
ac_cv_env_PKG_CONFIG_LIBDIR_value=
ac_cv_env_PKG_CONFIG_PATH_set=
ac_cv_env_PKG_CONFIG_PATH_value=
ac_cv_env_PKG_CONFIG_set=
ac_cv_env_PKG_CONFIG_value=
ac_cv_env_build_alias_set=
ac_cv_env_build_alias_value=
ac_cv_env_host_alias_set=
ac_cv_env_host_alias_value=
ac_cv_env_target_alias_set=
ac_cv_env_target_alias_value=
ac_cv_func_drand48=yes
ac_cv_func_fdatasync=yes
ac_cv_func_fsync=yes
ac_cv_func_getpagesize=yes
ac_cv_func_gmtime_r=yes
ac_cv_func_mmap_fixed_mapped=yes
ac_cv_have_decl_fdatasync_int_=yes
ac_cv_header_bzlib_h=no
ac_cv_header_inttypes_h=yes
ac_cv_header_memory_h=yes
ac_cv_header_stdc=yes
ac_cv_header_stdint_h=yes
ac_cv_header_stdlib_h=yes
ac_cv_header_string_h=yes
ac_cv_header_strings_h=yes
ac_cv_header_sys_param_h=yes
ac_cv_header_sys_stat_h=yes
ac_cv_header_sys_types_h=yes
ac_cv_header_unistd_h=yes
ac_cv_header_zlib_h=yes
ac_cv_lib_bz2_BZ2_bzBuffToBuffCompress=no
ac_cv_lib_z_inflate=yes
ac_cv_objext=o
ac_cv_path_EGREP='/usr/bin/grep -E'
ac_cv_path_GREP=/usr/bin/grep
ac_cv_path_ac_pt_PKG_CONFIG=/usr/bin/pkg-config
ac_cv_prog_CPP='gcc -E'
ac_cv_prog_ac_ct_CC=gcc
ac_cv_prog_ac_ct_RANLIB=ranlib
ac_cv_prog_cc_c89=
ac_cv_prog_cc_g=yes
ac_cv_search_log=-lm
ac_cv_search_recv='none required'
ac_cv_sys_file_offset_bits=no
ac_cv_sys_largefile_CC=no
as_hts_cv_check_flag=hts_cv_check__fvisibility_hidden
hts_cv_check__fvisibility_hidden=yes
hts_cv_prog_cc_warnings=-Wall

## ----------------- ##
## Output variables. ##
## ----------------- ##

CC='gcc'
CFLAGS=' -Wall -g -O2 -fvisibility=hidden'
CPP='gcc -E'
CPPFLAGS=''
CRYPTO_LIBS=''
DEFS=''
ECHO_C=''
ECHO_N='-n'
ECHO_T=''
EGREP='/usr/bin/grep -E'
EXEEXT=''
GREP='/usr/bin/grep'
LDFLAGS=' -fvisibility=hidden'
LIBOBJS=''
LIBS='-lz -lm '
LTLIBOBJS=''
OBJEXT='o'
PACKAGE_BUGREPORT='samtools-help@lists.sourceforge.net'
PACKAGE_NAME='HTSlib'
PACKAGE_STRING='HTSlib 1.10.2'
PACKAGE_TARNAME='htslib'
PACKAGE_URL='http://www.htslib.org/'
PACKAGE_VERSION='1.10.2'
PATH_SEPARATOR=':'
PKG_CONFIG='/usr/bin/pkg-config'
PKG_CONFIG_LIBDIR=''
PKG_CONFIG_PATH=''
PLATFORM='default'
PLUGIN_EXT='.so'
RANLIB='ranlib'
SHELL='/bin/sh'
ac_ct_CC='gcc'
bindir='${exec_prefix}/bin'
build_alias=''
datadir='${datarootdir}'
datarootdir='${prefix}/share'
docdir='${datarootdir}/doc/${PACKAGE_TARNAME}'
dvidir='${docdir}'
enable_plugins='no'
exec_prefix='NONE'
gcs=''
host_alias='unknown-Linux'
htmldir='${docdir}'
includedir='${prefix}/include'
infodir='${datarootdir}/info'
libcurl=''
libdir='${exec_prefix}/lib'
libexecdir='${exec_prefix}/libexec'
localedir='${datarootdir}/locale'
localstatedir='${prefix}/var'
mandir='${datarootdir}/man'
oldincludedir='/usr/include'
pc_requires=''
pdfdir='${docdir}'
plugindir='$(libexecdir)/htslib'
pluginpath='$(libexecdir)/htslib'
prefix='/media/psf/Home/Documents/GitHub/haptools/htslib-1.10.2'
private_LIBS=''
program_transform_name='s,x,x,'
psdir='${docdir}'
s3=''
sbindir='${exec_prefix}/sbin'
sharedstatedir='${prefix}/com'
static_LDFLAGS=''
static_LIBS='-lpthread -lz -lm'
sysconfdir='${prefix}/etc'
target_alias=''

## ----------- ##
## confdefs.h. ##
## ----------- ##

/* confdefs.h */
#define PACKAGE_NAME "HTSlib"
#define PACKAGE_TARNAME "htslib"
#define PACKAGE_VERSION "1.10.2"
#define PACKAGE_STRING "HTSlib 1.10.2"
#define PACKAGE_BUGREPORT "samtools-help@lists.sourceforge.net"
#define PACKAGE_URL "http://www.htslib.org/"
#define STDC_HEADERS 1
#define HAVE_SYS_TYPES_H 1
#define HAVE_SYS_STAT_H 1
#define HAVE_STDLIB_H 1
#define HAVE_STRING_H 1
#define HAVE_MEMORY_H 1
#define HAVE_STRINGS_H 1
#define HAVE_INTTYPES_H 1
#define HAVE_STDINT_H 1
#define HAVE_UNISTD_H 1
#define HAVE_STDLIB_H 1
#define HAVE_UNISTD_H 1
#define HAVE_SYS_PARAM_H 1
#define HAVE_GETPAGESIZE 1
#define HAVE_MMAP 1
#define HAVE_GMTIME_R 1
#define HAVE_FSYNC 1
#define HAVE_DRAND48 1
#define HAVE_FDATASYNC 1
#define HAVE_LIBZ 1

configure: exit 1
